<?xml version="1.0" encoding="UTF-8"?>
<!-- Generated by org.testng.reporters.JUnitReportReporter -->
<testsuite hostname="DESKTOP-OSG43F4" failures="0" tests="2" name="project.Testcases" time="57.011" errors="0" timestamp="2022-09-25T21:38:03 SGT" skipped="0">
  <testcase classname="project.Testcases" name="SampleTest" time="35.621"/>
  <system-out/>
  <testcase classname="project.Testcases" name="AddTextViewTest" time="21.390"/>
  <system-out/>
</testsuite> <!-- project.Testcases -->
